\BOOKMARK [0][-]{chapter.1}{\376\377\000I\000n\000t\000r\000o\000d\000u\000c\000c\000i\000\363\000n}{}% 1
\BOOKMARK [1][-]{section.1.1}{\376\377\000P\000\372\000b\000l\000i\000c\000o\000\040\000O\000b\000j\000e\000t\000i\000v\000o}{chapter.1}% 2
\BOOKMARK [1][-]{section.1.2}{\376\377\000T\000e\000c\000n\000o\000l\000o\000g\000\355\000a\000s\000\040\000P\000r\000i\000n\000c\000i\000p\000a\000l\000e\000s}{chapter.1}% 3
\BOOKMARK [1][-]{section.1.3}{\376\377\000E\000s\000t\000r\000u\000c\000t\000u\000r\000a\000\040\000d\000e\000\040\000l\000a\000\040\000D\000o\000c\000u\000m\000e\000n\000t\000a\000c\000i\000\363\000n}{chapter.1}% 4
\BOOKMARK [1][-]{section.1.4}{\376\377\000R\000e\000q\000u\000i\000s\000i\000t\000o\000s\000\040\000P\000r\000e\000v\000i\000o\000s}{chapter.1}% 5
\BOOKMARK [1][-]{section.1.5}{\376\377\000B\000u\000e\000n\000a\000s\000\040\000P\000r\000\341\000c\000t\000i\000c\000a\000s}{chapter.1}% 6
\BOOKMARK [1][-]{section.1.6}{\376\377\000L\000i\000c\000e\000n\000c\000i\000a\000\040\000y\000\040\000C\000o\000n\000t\000r\000i\000b\000u\000c\000i\000\363\000n}{chapter.1}% 7
\BOOKMARK [1][-]{section.1.7}{\376\377\000C\000o\000n\000t\000a\000c\000t\000o}{chapter.1}% 8
\BOOKMARK [0][-]{chapter.2}{\376\377\000E\000n\000d\000p\000o\000i\000n\000t\000s\000\040\000d\000e\000\040\000l\000a\000\040\000A\000P\000I}{}% 9
\BOOKMARK [1][-]{section.2.1}{\376\377\000A\000u\000t\000e\000n\000t\000i\000c\000a\000c\000i\000\363\000n\000\040\000y\000\040\000U\000s\000u\000a\000r\000i\000o\000s}{chapter.2}% 10
\BOOKMARK [2][-]{subsection.2.1.1}{\376\377\000R\000e\000g\000i\000s\000t\000r\000o\000\040\000d\000e\000\040\000U\000s\000u\000a\000r\000i\000o}{section.2.1}% 11
\BOOKMARK [2][-]{subsection.2.1.2}{\376\377\000L\000o\000g\000i\000n\000\040\000/\000\040\000O\000b\000t\000e\000n\000c\000i\000\363\000n\000\040\000d\000e\000\040\000T\000o\000k\000e\000n}{section.2.1}% 12
\BOOKMARK [1][-]{section.2.2}{\376\377\000G\000e\000s\000t\000i\000\363\000n\000\040\000d\000e\000\040\000V\000e\000h\000\355\000c\000u\000l\000o\000s}{chapter.2}% 13
\BOOKMARK [2][-]{subsection.2.2.1}{\376\377\000G\000u\000a\000r\000d\000a\000r\000\040\000V\000e\000h\000\355\000c\000u\000l\000o}{section.2.2}% 14
\BOOKMARK [2][-]{subsection.2.2.2}{\376\377\000L\000i\000s\000t\000a\000r\000\040\000V\000e\000h\000\355\000c\000u\000l\000o\000s\000\040\000d\000e\000l\000\040\000U\000s\000u\000a\000r\000i\000o}{section.2.2}% 15
\BOOKMARK [2][-]{subsection.2.2.3}{\376\377\000O\000b\000t\000e\000n\000e\000r\000\040\000V\000e\000h\000\355\000c\000u\000l\000o\000\040\000E\000s\000p\000e\000c\000\355\000f\000i\000c\000o}{section.2.2}% 16
\BOOKMARK [2][-]{subsection.2.2.4}{\376\377\000E\000d\000i\000t\000a\000r\000\040\000V\000e\000h\000\355\000c\000u\000l\000o}{section.2.2}% 17
\BOOKMARK [2][-]{subsection.2.2.5}{\376\377\000E\000l\000i\000m\000i\000n\000a\000r\000\040\000V\000e\000h\000\355\000c\000u\000l\000o}{section.2.2}% 18
\BOOKMARK [1][-]{section.2.3}{\376\377\000G\000e\000s\000t\000i\000\363\000n\000\040\000d\000e\000\040\000E\000r\000r\000o\000r\000e\000s\000\040\000O\000B\000D\000-\000I\000I}{chapter.2}% 19
\BOOKMARK [2][-]{subsection.2.3.1}{\376\377\000G\000u\000a\000r\000d\000a\000r\000\040\000E\000r\000r\000o\000r\000e\000s\000\040\000d\000e\000\040\000V\000e\000h\000\355\000c\000u\000l\000o}{section.2.3}% 20
\BOOKMARK [2][-]{subsection.2.3.2}{\376\377\000O\000b\000t\000e\000n\000e\000r\000\040\000E\000r\000r\000o\000r\000e\000s\000\040\000d\000e\000\040\000u\000n\000\040\000V\000e\000h\000\355\000c\000u\000l\000o}{section.2.3}% 21
\BOOKMARK [1][-]{section.2.4}{\376\377\000G\000e\000n\000e\000r\000a\000c\000i\000\363\000n\000\040\000y\000\040\000C\000o\000n\000s\000u\000l\000t\000a\000\040\000d\000e\000\040\000I\000n\000f\000o\000r\000m\000e\000s}{chapter.2}% 22
\BOOKMARK [2][-]{subsection.2.4.1}{\376\377\000C\000r\000e\000a\000r\000\040\000I\000n\000f\000o\000r\000m\000e\000\040\000p\000a\000r\000a\000\040\000u\000n\000\040\000V\000e\000h\000\355\000c\000u\000l\000o}{section.2.4}% 23
\BOOKMARK [1][-]{section.2.5}{\376\377\000V\000e\000r\000\040\000I\000n\000f\000o\000r\000m\000e\000\040\000P\000\372\000b\000l\000i\000c\000o}{chapter.2}% 24
\BOOKMARK [1][-]{section.2.6}{\376\377\000S\000e\000r\000v\000i\000c\000i\000o\000\040\000d\000e\000\040\000I\000m\000\341\000g\000e\000n\000e\000s\000\040\000d\000e\000\040\000V\000e\000h\000\355\000c\000u\000l\000o}{chapter.2}% 25
\BOOKMARK [2][-]{subsection.2.6.1}{\376\377\000O\000b\000t\000e\000n\000e\000r\000\040\000U\000R\000L\000\040\000d\000e\000\040\000I\000m\000a\000g\000e\000n\000\040\000d\000e\000\040\000V\000e\000h\000\355\000c\000u\000l\000o}{section.2.6}% 26
\BOOKMARK [1][-]{section.2.7}{\376\377\000E\000n\000d\000p\000o\000i\000n\000t\000\040\000d\000e\000\040\000P\000r\000u\000e\000b\000a\000\040\000/\000\040\000S\000a\000l\000u\000d}{chapter.2}% 27
\BOOKMARK [2][-]{subsection.2.7.1}{\376\377\000S\000a\000l\000u\000d\000\040\000/\000\040\000P\000i\000n\000g}{section.2.7}% 28
\BOOKMARK [0][-]{chapter.3}{\376\377\000M\000o\000d\000e\000l\000o\000s\000\040\000d\000e\000\040\000D\000a\000t\000o\000s}{}% 29
\BOOKMARK [1][-]{section.3.1}{\376\377\000M\000o\000d\000e\000l\000o\000s\000\040\000O\000R\000M\000\040\000\050\000S\000Q\000L\000A\000l\000c\000h\000e\000m\000y\000\051}{chapter.3}% 30
\BOOKMARK [2][-]{subsection.3.1.1}{\376\377\000E\000j\000e\000m\000p\000l\000o\000\040\000d\000e\000\040\000E\000s\000q\000u\000e\000m\000a\000\040\000e\000n\000\040\000S\000Q\000L}{section.3.1}% 31
\BOOKMARK [1][-]{section.3.2}{\376\377\000M\000o\000d\000e\000l\000o\000s\000\040\000d\000e\000\040\000V\000a\000l\000i\000d\000a\000c\000i\000\363\000n\000\040\000\050\000P\000y\000d\000a\000n\000t\000i\000c\000\051}{chapter.3}% 32
\BOOKMARK [2][-]{subsection.3.2.1}{\376\377\000V\000a\000l\000i\000d\000a\000c\000i\000o\000n\000e\000s\000\040\000C\000l\000a\000v\000e}{section.3.2}% 33
\BOOKMARK [2][-]{subsection.3.2.2}{\376\377\000E\000j\000e\000m\000p\000l\000o\000\040\000d\000e\000\040\000U\000s\000o\000\040\000e\000n\000\040\000u\000n\000\040\000E\000n\000d\000p\000o\000i\000n\000t}{section.3.2}% 34
\BOOKMARK [2][-]{subsection.3.2.3}{\376\377\000R\000e\000f\000e\000r\000e\000n\000c\000i\000a\000\040\000A\000u\000t\000o\000m\000\341\000t\000i\000c\000a}{section.3.2}% 35
\BOOKMARK [0][-]{chapter.4}{\376\377\000C\000o\000n\000f\000i\000g\000u\000r\000a\000c\000i\000\363\000n\000\040\000d\000e\000l\000\040\000P\000r\000o\000y\000e\000c\000t\000o}{}% 36
\BOOKMARK [1][-]{section.4.1}{\376\377\000C\000o\000n\000f\000i\000g\000u\000r\000a\000c\000i\000\363\000n\000\040\000d\000e\000\040\000E\000n\000t\000o\000r\000n\000o}{chapter.4}% 37
\BOOKMARK [1][-]{section.4.2}{\376\377\000B\000a\000s\000e\000\040\000d\000e\000\040\000D\000a\000t\000o\000s}{chapter.4}% 38
\BOOKMARK [1][-]{section.4.3}{\376\377\000C\000o\000r\000r\000e\000o\000\040\000E\000l\000e\000c\000t\000r\000\363\000n\000i\000c\000o}{chapter.4}% 39
\BOOKMARK [1][-]{section.4.4}{\376\377\000S\000e\000g\000u\000r\000i\000d\000a\000d}{chapter.4}% 40
\BOOKMARK [1][-]{section.4.5}{\376\377\000D\000e\000p\000e\000n\000d\000e\000n\000c\000i\000a\000s\000\040\000r\000e\000u\000t\000i\000l\000i\000z\000a\000b\000l\000e\000s}{chapter.4}% 41
\BOOKMARK [0][-]{section*.102}{\376\377\000T\000a\000b\000l\000a\000\040\000d\000e\000\040\000e\000n\000r\000u\000t\000a\000m\000i\000e\000n\000t\000o\000\040\000H\000T\000T\000P}{}% 42
\BOOKMARK [0][-]{section*.103}{\376\377\000\315\000n\000d\000i\000c\000e\000\040\000d\000e\000\040\000M\000\363\000d\000u\000l\000o\000s\000\040\000P\000y\000t\000h\000o\000n}{}% 43
\BOOKMARK [0][-]{section*.104}{\376\377\000\315\000n\000d\000i\000c\000e}{}% 44
